android/app/build/intermediates/manifest_merge_blame_file/debug/manifest-merger-blame-debug-report.txt
1<?xml version="1.0" encoding="utf-8"?>
2<manifest xmlns:android="http://schemas.android.com/apk/res/android"
3    package="com.crosalesmoran.loggerapp"
4    android:versionCode="1"
5    android:versionName="1.0.0" >
6
7    <uses-sdk
8        android:minSdkVersion="21"
9        android:targetSdkVersion="30" />
10
11    <uses-permission android:name="android.permission.SYSTEM_ALERT_WINDOW" />
11-->src\main\AndroidManifest.xml:4:3-75
11-->src\main\AndroidManifest.xml:4:20-73
12    <uses-permission android:name="android.permission.INTERNET" />
12-->src\main\AndroidManifest.xml:2:3-64
12-->src\main\AndroidManifest.xml:2:20-62
13    <uses-permission android:name="android.permission.READ_EXTERNAL_STORAGE" />
13-->src\main\AndroidManifest.xml:3:3-77
13-->src\main\AndroidManifest.xml:3:20-75
14    <uses-permission android:name="android.permission.VIBRATE" />
14-->src\main\AndroidManifest.xml:5:3-63
14-->src\main\AndroidManifest.xml:5:20-61
15    <uses-permission android:name="android.permission.WRITE_EXTERNAL_STORAGE" />
15-->src\main\AndroidManifest.xml:6:3-78
15-->src\main\AndroidManifest.xml:6:20-76
16
17    <queries>
17-->src\main\AndroidManifest.xml:7:3-13:13
18        <intent>
18-->src\main\AndroidManifest.xml:8:5-12:14
19            <action android:name="android.intent.action.VIEW" />
19-->src\main\AndroidManifest.xml:9:7-58
19-->src\main\AndroidManifest.xml:9:15-56
20
21            <category android:name="android.intent.category.BROWSABLE" />
21-->src\main\AndroidManifest.xml:10:7-67
21-->src\main\AndroidManifest.xml:10:17-65
22
23            <data android:scheme="https" />
23-->src\main\AndroidManifest.xml:11:7-37
23-->src\main\AndroidManifest.xml:11:13-35
24        </intent>
25        <!-- Query open documents -->
26        <intent>
26-->[:expo-file-system] AndroidManifest.xml:19:9-21:18
27            <action android:name="android.intent.action.OPEN_DOCUMENT_TREE" />
27-->[:expo-file-system] AndroidManifest.xml:20:13-79
27-->[:expo-file-system] AndroidManifest.xml:20:21-76
28        </intent>
29    </queries>
30
31    <uses-permission android:name="android.permission.ACCESS_WIFI_STATE" />
31-->[com.facebook.flipper:flipper:0.54.0] AndroidManifest.xml:16:5-76
31-->[com.facebook.flipper:flipper:0.54.0] AndroidManifest.xml:16:22-73
32    <uses-permission android:name="android.permission.BLUETOOTH" />
32-->[:react-native-ble-plx] AndroidManifest.xml:9:5-68
32-->[:react-native-ble-plx] AndroidManifest.xml:9:22-65
33    <uses-permission android:name="android.permission.BLUETOOTH_ADMIN" />
33-->[:react-native-ble-plx] AndroidManifest.xml:10:5-74
33-->[:react-native-ble-plx] AndroidManifest.xml:10:22-71
34    <uses-permission android:name="android.permission.ACCESS_NETWORK_STATE" />
34-->[:expo-updates] AndroidManifest.xml:11:5-79
34-->[:expo-updates] AndroidManifest.xml:11:22-76
35
36    <uses-permission-sdk-23 android:name="android.permission.ACCESS_COARSE_LOCATION" />
36-->[com.github.Polidea:MultiPlatformBleAdapter:b0272c0fae040cc90f790481c54e8f2d45304339] AndroidManifest.xml:14:5-88
36-->[com.github.Polidea:MultiPlatformBleAdapter:b0272c0fae040cc90f790481c54e8f2d45304339] AndroidManifest.xml:14:29-85
37    <uses-permission-sdk-23 android:name="android.permission.ACCESS_FINE_LOCATION" />
37-->[com.polidea.rxandroidble:rxandroidble:1.7.1] AndroidManifest.xml:15:5-86
37-->[com.polidea.rxandroidble:rxandroidble:1.7.1] AndroidManifest.xml:15:29-83
38
39    <uses-permission android:name="com.google.android.finsky.permission.BIND_GET_INSTALL_REFERRER_SERVICE" />
39-->[com.android.installreferrer:installreferrer:1.0] AndroidManifest.xml:9:5-110
39-->[com.android.installreferrer:installreferrer:1.0] AndroidManifest.xml:9:22-107
40
41    <application
41-->src\main\AndroidManifest.xml:14:3-33:17
42        android:name="com.crosalesmoran.loggerapp.MainApplication"
42-->src\main\AndroidManifest.xml:14:16-47
43        android:allowBackup="true"
43-->src\main\AndroidManifest.xml:14:162-188
44        android:appComponentFactory="androidx.core.app.CoreComponentFactory"
44-->[androidx.core:core:1.3.0] AndroidManifest.xml:24:18-86
45        android:debuggable="true"
46        android:icon="@mipmap/ic_launcher"
46-->src\main\AndroidManifest.xml:14:81-115
47        android:label="@string/app_name"
47-->src\main\AndroidManifest.xml:14:48-80
48        android:roundIcon="@mipmap/ic_launcher_round"
48-->src\main\AndroidManifest.xml:14:116-161
49        android:theme="@style/AppTheme"
49-->src\main\AndroidManifest.xml:14:189-220
50        android:usesCleartextTraffic="true" >
50-->src\main\AndroidManifest.xml:14:221-256
51        <meta-data
51-->src\main\AndroidManifest.xml:15:5-82
52            android:name="expo.modules.updates.ENABLED"
52-->src\main\AndroidManifest.xml:15:16-59
53            android:value="true" />
53-->src\main\AndroidManifest.xml:15:60-80
54        <meta-data
54-->src\main\AndroidManifest.xml:16:5-93
55            android:name="expo.modules.updates.EXPO_SDK_VERSION"
55-->src\main\AndroidManifest.xml:16:16-68
56            android:value="43.0.0" />
56-->src\main\AndroidManifest.xml:16:69-91
57        <meta-data
57-->src\main\AndroidManifest.xml:17:5-105
58            android:name="expo.modules.updates.EXPO_UPDATES_CHECK_ON_LAUNCH"
58-->src\main\AndroidManifest.xml:17:16-80
59            android:value="ALWAYS" />
59-->src\main\AndroidManifest.xml:17:81-103
60        <meta-data
60-->src\main\AndroidManifest.xml:18:5-99
61            android:name="expo.modules.updates.EXPO_UPDATES_LAUNCH_WAIT_MS"
61-->src\main\AndroidManifest.xml:18:16-79
62            android:value="0" />
62-->src\main\AndroidManifest.xml:18:80-97
63        <meta-data
63-->src\main\AndroidManifest.xml:19:5-128
64            android:name="expo.modules.updates.EXPO_UPDATE_URL"
64-->src\main\AndroidManifest.xml:19:16-67
65            android:value="https://exp.host/@crosalesmoran/logger-app" />
65-->src\main\AndroidManifest.xml:19:68-126
66
67        <activity
67-->src\main\AndroidManifest.xml:20:5-31:16
68            android:name="com.crosalesmoran.loggerapp.MainActivity"
68-->src\main\AndroidManifest.xml:20:15-43
69            android:configChanges="keyboard|keyboardHidden|orientation|screenSize|uiMode"
69-->src\main\AndroidManifest.xml:20:77-154
70            android:label="@string/app_name"
70-->src\main\AndroidManifest.xml:20:44-76
71            android:launchMode="singleTask"
71-->src\main\AndroidManifest.xml:20:155-186
72            android:screenOrientation="portrait"
72-->src\main\AndroidManifest.xml:20:276-312
73            android:theme="@style/Theme.App.SplashScreen"
73-->src\main\AndroidManifest.xml:20:230-275
74            android:windowSoftInputMode="adjustResize" >
74-->src\main\AndroidManifest.xml:20:187-229
75            <intent-filter>
75-->src\main\AndroidManifest.xml:21:7-24:23
76                <action android:name="android.intent.action.MAIN" />
76-->src\main\AndroidManifest.xml:22:9-60
76-->src\main\AndroidManifest.xml:22:17-58
77
78                <category android:name="android.intent.category.LAUNCHER" />
78-->src\main\AndroidManifest.xml:23:9-68
78-->src\main\AndroidManifest.xml:23:19-66
79            </intent-filter>
80            <intent-filter>
80-->src\main\AndroidManifest.xml:25:7-30:23
81                <action android:name="android.intent.action.VIEW" />
81-->src\main\AndroidManifest.xml:9:7-58
81-->src\main\AndroidManifest.xml:9:15-56
82
83                <category android:name="android.intent.category.DEFAULT" />
83-->src\main\AndroidManifest.xml:27:9-67
83-->src\main\AndroidManifest.xml:27:19-65
84                <category android:name="android.intent.category.BROWSABLE" />
84-->src\main\AndroidManifest.xml:10:7-67
84-->src\main\AndroidManifest.xml:10:17-65
85
86                <data android:scheme="com.crosalesmoran.loggerapp" />
86-->src\main\AndroidManifest.xml:11:7-37
86-->src\main\AndroidManifest.xml:11:13-35
87            </intent-filter>
88        </activity>
89        <activity android:name="com.facebook.react.devsupport.DevSettingsActivity" />
89-->src\main\AndroidManifest.xml:32:5-81
89-->src\main\AndroidManifest.xml:32:15-79
90
91        <meta-data
91-->[:react-native-firebase_app] AndroidManifest.xml:12:9-14:36
92            android:name="app_data_collection_default_enabled"
92-->[:react-native-firebase_app] AndroidManifest.xml:13:13-63
93            android:value="true" />
93-->[:react-native-firebase_app] AndroidManifest.xml:14:13-33
94
95        <service
95-->[:react-native-firebase_app] AndroidManifest.xml:16:9-20:19
96            android:name="com.google.firebase.components.ComponentDiscoveryService"
96-->[:react-native-firebase_app] AndroidManifest.xml:16:18-89
97            android:directBootAware="true"
97-->[com.google.firebase:firebase-common:20.0.0] AndroidManifest.xml:35:13-43
98            android:exported="false" >
98-->[com.google.firebase:firebase-firestore:23.0.4] AndroidManifest.xml:19:13-37
99            <meta-data
99-->[:react-native-firebase_app] AndroidManifest.xml:17:13-19:85
100                android:name="com.google.firebase.components:io.invertase.firebase.app.ReactNativeFirebaseAppRegistrar"
100-->[:react-native-firebase_app] AndroidManifest.xml:18:17-120
101                android:value="com.google.firebase.components.ComponentRegistrar" />
101-->[:react-native-firebase_app] AndroidManifest.xml:19:17-82
102            <meta-data
102-->[com.google.firebase:firebase-firestore:23.0.4] AndroidManifest.xml:20:13-22:85
103                android:name="com.google.firebase.components:com.google.firebase.firestore.FirestoreRegistrar"
103-->[com.google.firebase:firebase-firestore:23.0.4] AndroidManifest.xml:21:17-111
104                android:value="com.google.firebase.components.ComponentRegistrar" />
104-->[com.google.firebase:firebase-firestore:23.0.4] AndroidManifest.xml:22:17-82
105        </service>
106
107        <provider
107-->[:react-native-firebase_app] AndroidManifest.xml:22:9-26:38
108            android:name="io.invertase.firebase.app.ReactNativeFirebaseAppInitProvider"
108-->[:react-native-firebase_app] AndroidManifest.xml:23:13-88
109            android:authorities="com.crosalesmoran.loggerapp.reactnativefirebaseappinitprovider"
109-->[:react-native-firebase_app] AndroidManifest.xml:24:13-86
110            android:exported="false"
110-->[:react-native-firebase_app] AndroidManifest.xml:25:13-37
111            android:initOrder="99" />
111-->[:react-native-firebase_app] AndroidManifest.xml:26:13-35
112        <provider
112-->[:expo-file-system] AndroidManifest.xml:25:9-34:20
113            android:name="expo.modules.filesystem.FileSystemFileProvider"
113-->[:expo-file-system] AndroidManifest.xml:26:13-74
114            android:authorities="com.crosalesmoran.loggerapp.FileSystemFileProvider"
114-->[:expo-file-system] AndroidManifest.xml:27:13-74
115            android:exported="false"
115-->[:expo-file-system] AndroidManifest.xml:28:13-37
116            android:grantUriPermissions="true" >
116-->[:expo-file-system] AndroidManifest.xml:29:13-47
117            <meta-data
117-->[:expo-file-system] AndroidManifest.xml:31:13-33:70
118                android:name="android.support.FILE_PROVIDER_PATHS"
118-->[:expo-file-system] AndroidManifest.xml:32:17-67
119                android:resource="@xml/file_system_provider_paths" />
119-->[:expo-file-system] AndroidManifest.xml:33:17-67
120        </provider>
121
122        <meta-data
122-->[:expo-modules-core] AndroidManifest.xml:12:9-14:89
123            android:name="org.unimodules.core.AppLoader#react-native-headless"
123-->[:expo-modules-core] AndroidManifest.xml:13:13-79
124            android:value="expo.modules.adapters.react.apploader.RNHeadlessAppLoader" />
124-->[:expo-modules-core] AndroidManifest.xml:14:13-86
125
126        <activity
126-->[com.google.android.gms:play-services-auth:19.2.0] AndroidManifest.xml:23:9-27:75
127            android:name="com.google.android.gms.auth.api.signin.internal.SignInHubActivity"
127-->[com.google.android.gms:play-services-auth:19.2.0] AndroidManifest.xml:24:13-93
128            android:excludeFromRecents="true"
128-->[com.google.android.gms:play-services-auth:19.2.0] AndroidManifest.xml:25:13-46
129            android:exported="false"
129-->[com.google.android.gms:play-services-auth:19.2.0] AndroidManifest.xml:26:13-37
130            android:theme="@android:style/Theme.Translucent.NoTitleBar" />
130-->[com.google.android.gms:play-services-auth:19.2.0] AndroidManifest.xml:27:13-72
131        <!--
132            Service handling Google Sign-In user revocation. For apps that do not integrate with
133            Google Sign-In, this service will never be started.
134        -->
135        <service
135-->[com.google.android.gms:play-services-auth:19.2.0] AndroidManifest.xml:33:9-37:51
136            android:name="com.google.android.gms.auth.api.signin.RevocationBoundService"
136-->[com.google.android.gms:play-services-auth:19.2.0] AndroidManifest.xml:34:13-89
137            android:exported="true"
137-->[com.google.android.gms:play-services-auth:19.2.0] AndroidManifest.xml:35:13-36
138            android:permission="com.google.android.gms.auth.api.signin.permission.REVOCATION_NOTIFICATION"
138-->[com.google.android.gms:play-services-auth:19.2.0] AndroidManifest.xml:36:13-107
139            android:visibleToInstantApps="true" />
139-->[com.google.android.gms:play-services-auth:19.2.0] AndroidManifest.xml:37:13-48
140
141        <activity
141-->[com.google.android.gms:play-services-base:17.5.0] AndroidManifest.xml:23:9-26:75
142            android:name="com.google.android.gms.common.api.GoogleApiActivity"
142-->[com.google.android.gms:play-services-base:17.5.0] AndroidManifest.xml:24:13-79
143            android:exported="false"
143-->[com.google.android.gms:play-services-base:17.5.0] AndroidManifest.xml:25:13-37
144            android:theme="@android:style/Theme.Translucent.NoTitleBar" />
144-->[com.google.android.gms:play-services-base:17.5.0] AndroidManifest.xml:26:13-72
145
146        <provider
146-->[com.google.firebase:firebase-common:20.0.0] AndroidManifest.xml:26:9-31:39
147            android:name="com.google.firebase.provider.FirebaseInitProvider"
147-->[com.google.firebase:firebase-common:20.0.0] AndroidManifest.xml:27:13-77
148            android:authorities="com.crosalesmoran.loggerapp.firebaseinitprovider"
148-->[com.google.firebase:firebase-common:20.0.0] AndroidManifest.xml:28:13-72
149            android:directBootAware="true"
149-->[com.google.firebase:firebase-common:20.0.0] AndroidManifest.xml:29:13-43
150            android:exported="false"
150-->[com.google.firebase:firebase-common:20.0.0] AndroidManifest.xml:30:13-37
151            android:initOrder="100" />
151-->[com.google.firebase:firebase-common:20.0.0] AndroidManifest.xml:31:13-36
152
153        <meta-data
153-->[com.google.android.gms:play-services-basement:17.5.0] AndroidManifest.xml:23:9-25:69
154            android:name="com.google.android.gms.version"
154-->[com.google.android.gms:play-services-basement:17.5.0] AndroidManifest.xml:24:13-58
155            android:value="@integer/google_play_services_version" />
155-->[com.google.android.gms:play-services-basement:17.5.0] AndroidManifest.xml:25:13-66
156
157        <service
157-->[androidx.room:room-runtime:2.1.0] AndroidManifest.xml:25:9-27:40
158            android:name="androidx.room.MultiInstanceInvalidationService"
158-->[androidx.room:room-runtime:2.1.0] AndroidManifest.xml:26:13-74
159            android:exported="false" />
159-->[androidx.room:room-runtime:2.1.0] AndroidManifest.xml:27:13-37
160    </application>
161
162</manifest>